app/build/intermediates/manifest_merge_blame_file/release/manifest-merger-blame-release-report.txt
1<?xml version="1.0" encoding="utf-8"?>
2<manifest xmlns:android="http://schemas.android.com/apk/res/android"
3    package="com.neeraja.harrypotter"
4    android:versionCode="1"
5    android:versionName="1.0" >
6
7    <uses-sdk
8        android:minSdkVersion="19"
8-->src/main/AndroidManifest.xml
9        android:targetSdkVersion="29" />
9-->src/main/AndroidManifest.xml
10
11    <application
11-->src/main/AndroidManifest.xml:5:5-20:19
12        android:allowBackup="true"
12-->src/main/AndroidManifest.xml:6:9-35
13        android:appComponentFactory="androidx.core.app.CoreComponentFactory"
13-->[androidx.core:core:1.3.0-alpha01] AndroidManifest.xml:24:18-86
14        android:icon="@mipmap/ic_launcher"
14-->src/main/AndroidManifest.xml:7:9-43
15        android:label="@string/app_name"
15-->src/main/AndroidManifest.xml:8:9-41
16        android:roundIcon="@mipmap/ic_launcher_round"
16-->src/main/AndroidManifest.xml:9:9-54
17        android:supportsRtl="true"
17-->src/main/AndroidManifest.xml:10:9-35
18        android:theme="@style/AppTheme" >
18-->src/main/AndroidManifest.xml:11:9-40
19        <activity android:name="com.neeraja.harrypotter.ui.HousesActivity" />
19-->src/main/AndroidManifest.xml:12:9-64
19-->src/main/AndroidManifest.xml:12:19-52
20        <activity android:name="com.neeraja.harrypotter.ui.SplashActivity" >
20-->src/main/AndroidManifest.xml:13:9-19:20
20-->src/main/AndroidManifest.xml:13:19-52
21            <intent-filter>
21-->src/main/AndroidManifest.xml:14:13-18:29
22                <action android:name="android.intent.action.MAIN" />
22-->src/main/AndroidManifest.xml:15:17-69
22-->src/main/AndroidManifest.xml:15:25-66
23
24                <category android:name="android.intent.category.LAUNCHER" />
24-->src/main/AndroidManifest.xml:17:17-77
24-->src/main/AndroidManifest.xml:17:27-74
25            </intent-filter>
26        </activity>
27    </application>
28
29</manifest>